#
# There is insufficient memory for the Java Runtime Environment to continue.
# Native memory allocation (mmap) failed to map 65536 bytes for Failed to commit metaspace.
# Possible reasons:
#   The system is out of physical RAM or swap space
#   The process is running with CompressedOops enabled, and the Java Heap may be blocking the growth of the native heap
# Possible solutions:
#   Reduce memory load on the system
#   Increase physical memory or swap space
#   Check if swap backing store is full
#   Decrease Java heap size (-Xmx/-Xms)
#   Decrease number of Java threads
#   Decrease Java thread stack sizes (-Xss)
#   Set larger code cache with -XX:ReservedCodeCacheSize=
#   JVM is running with Zero Based Compressed Oops mode in which the Java heap is
#     placed in the first 32GB address space. The Java Heap base address is the
#     maximum limit for the native heap growth. Please use -XX:HeapBaseMinAddress
#     to set the Java Heap base and to place the Java Heap above 32GB virtual address.
# This output file may be truncated or incomplete.
#
#  Out of Memory Error (virtualSpaceNode.cpp:110), pid=21324, tid=9900
#
# JRE version: OpenJDK Runtime Environment Temurin-17.0.4.1+1 (17.0.4.1+1) (build 17.0.4.1+1)
# Java VM: OpenJDK 64-Bit Server VM Temurin-17.0.4.1+1 (17.0.4.1+1, mixed mode, emulated-client, tiered, compressed oops, compressed class ptrs, g1 gc, windows-amd64)
# No core dump will be written. Minidumps are not enabled by default on client versions of Windows
#

---------------  S U M M A R Y ------------

Command Line: -Dsts.lsp.client=vscode -Dsts.log.file=/dev/null -XX:TieredStopAtLevel=1 -Xlog:jni+resolve=off -Dspring.config.location=file:c:\Users\Bui Zung\.vscode\extensions\pivotal.vscode-spring-boot-1.39.0\language-server\BOOT-INF\classes\application.properties org.springframework.ide.vscode.boot.app.BootLanguageServerBootApp

Host: 11th Gen Intel(R) Core(TM) i5-11300H @ 3.10GHz, 8 cores, 23G,  Windows 11 , 64 bit Build 22000 (10.0.22000.708)
Time: Fri Oct 14 19:31:30 2022 Russia TZ 2 Standard Time elapsed time: 17.902132 seconds (0d 0h 0m 17s)

---------------  T H R E A D  ---------------

Current thread (0x0000015d9e0cad30):  JavaThread "ForkJoinPool.commonPool-worker-1" daemon [_thread_in_vm, id=9900, stack(0x0000000c9ac00000,0x0000000c9ad00000)]

Stack: [0x0000000c9ac00000,0x0000000c9ad00000]
Native frames: (J=compiled Java code, j=interpreted, Vv=VM code, C=native code)
V  [jvm.dll+0x67731a]
V  [jvm.dll+0x832284]
V  [jvm.dll+0x833a2e]
V  [jvm.dll+0x834093]
V  [jvm.dll+0x245775]
V  [jvm.dll+0x82e22b]
V  [jvm.dll+0x61bdf6]
V  [jvm.dll+0x1c07be]
V  [jvm.dll+0x61e741]
V  [jvm.dll+0x61c796]
V  [jvm.dll+0x6265e7]
V  [jvm.dll+0x1ea5db]
V  [jvm.dll+0x1eab15]
V  [jvm.dll+0x1eb54f]
V  [jvm.dll+0x1e09f1]
V  [jvm.dll+0x53c910]
V  [jvm.dll+0x7ad138]
V  [jvm.dll+0x7ad224]
V  [jvm.dll+0x40ccd5]
V  [jvm.dll+0x412ec8]
C  [java.dll+0x17ec]

Java frames: (J=compiled Java code, j=interpreted, Vv=VM code)
J 674  java.lang.ClassLoader.defineClass1(Ljava/lang/ClassLoader;Ljava/lang/String;[BIILjava/security/ProtectionDomain;Ljava/lang/String;)Ljava/lang/Class; java.base@17.0.4.1 (0 bytes) @ 0x0000015d87e7e7e3 [0x0000015d87e7e720+0x00000000000000c3]
J 670 c1 java.lang.ClassLoader.defineClass(Ljava/lang/String;[BIILjava/security/ProtectionDomain;)Ljava/lang/Class; java.base@17.0.4.1 (43 bytes) @ 0x0000015d87e7c2ec [0x0000015d87e7c1e0+0x000000000000010c]
J 656 c1 jdk.internal.loader.BuiltinClassLoader.defineClass(Ljava/lang/String;Ljdk/internal/loader/Resource;)Ljava/lang/Class; java.base@17.0.4.1 (121 bytes) @ 0x0000015d87e75bf4 [0x0000015d87e75720+0x00000000000004d4]
J 655 c1 jdk.internal.loader.BuiltinClassLoader.findClassOnClassPathOrNull(Ljava/lang/String;)Ljava/lang/Class; java.base@17.0.4.1 (64 bytes) @ 0x0000015d87e74c44 [0x0000015d87e74980+0x00000000000002c4]
J 447 c1 jdk.internal.loader.BuiltinClassLoader.loadClassOrNull(Ljava/lang/String;Z)Ljava/lang/Class; java.base@17.0.4.1 (143 bytes) @ 0x0000015d87d2d684 [0x0000015d87d2d200+0x0000000000000484]
J 637 c1 jdk.internal.loader.ClassLoaders$AppClassLoader.loadClass(Ljava/lang/String;Z)Ljava/lang/Class; java.base@17.0.4.1 (40 bytes) @ 0x0000015d87e69e2c [0x0000015d87e69ce0+0x000000000000014c]
J 636 c1 java.lang.ClassLoader.loadClass(Ljava/lang/String;)Ljava/lang/Class; java.base@17.0.4.1 (7 bytes) @ 0x0000015d87e695e4 [0x0000015d87e695a0+0x0000000000000044]
v  ~StubRoutines::call_stub
J 674  java.lang.ClassLoader.defineClass1(Ljava/lang/ClassLoader;Ljava/lang/String;[BIILjava/security/ProtectionDomain;Ljava/lang/String;)Ljava/lang/Class; java.base@17.0.4.1 (0 bytes) @ 0x0000015d87e7e7e3 [0x0000015d87e7e720+0x00000000000000c3]
J 670 c1 java.lang.ClassLoader.defineClass(Ljava/lang/String;[BIILjava/security/ProtectionDomain;)Ljava/lang/Class; java.base@17.0.4.1 (43 bytes) @ 0x0000015d87e7c2ec [0x0000015d87e7c1e0+0x000000000000010c]
J 656 c1 jdk.internal.loader.BuiltinClassLoader.defineClass(Ljava/lang/String;Ljdk/internal/loader/Resource;)Ljava/lang/Class; java.base@17.0.4.1 (121 bytes) @ 0x0000015d87e75bf4 [0x0000015d87e75720+0x00000000000004d4]
J 655 c1 jdk.internal.loader.BuiltinClassLoader.findClassOnClassPathOrNull(Ljava/lang/String;)Ljava/lang/Class; java.base@17.0.4.1 (64 bytes) @ 0x0000015d87e74c44 [0x0000015d87e74980+0x00000000000002c4]
J 447 c1 jdk.internal.loader.BuiltinClassLoader.loadClassOrNull(Ljava/lang/String;Z)Ljava/lang/Class; java.base@17.0.4.1 (143 bytes) @ 0x0000015d87d2d684 [0x0000015d87d2d200+0x0000000000000484]
J 637 c1 jdk.internal.loader.ClassLoaders$AppClassLoader.loadClass(Ljava/lang/String;Z)Ljava/lang/Class; java.base@17.0.4.1 (40 bytes) @ 0x0000015d87e69e2c [0x0000015d87e69ce0+0x000000000000014c]
J 636 c1 java.lang.ClassLoader.loadClass(Ljava/lang/String;)Ljava/lang/Class; java.base@17.0.4.1 (7 bytes) @ 0x0000015d87e695e4 [0x0000015d87e695a0+0x0000000000000044]
v  ~StubRoutines::call_stub
j  com.fasterxml.jackson.databind.json.JsonMapper.builder()Lcom/fasterxml/jackson/databind/json/JsonMapper$Builder;+0
j  org.openrewrite.config.YamlResourceLoader.<init>(Ljava/io/InputStream;Ljava/net/URI;Ljava/util/Properties;Ljava/lang/ClassLoader;)V+15
j  org.openrewrite.config.ClasspathScanningLoader.lambda$scanYaml$0(Ljava/util/List;Ljava/util/Properties;Ljava/lang/ClassLoader;Lio/github/classgraph/Resource;Ljava/io/InputStream;)V+13
j  org.openrewrite.config.ClasspathScanningLoader$$Lambda$585+0x0000000800613660.accept(Lio/github/classgraph/Resource;Ljava/io/InputStream;)V+14
j  io.github.classgraph.ResourceList.forEachInputStreamIgnoringIOException(Lio/github/classgraph/ResourceList$InputStreamConsumer;)V+36
j  org.openrewrite.config.ClasspathScanningLoader.scanYaml(Lio/github/classgraph/ClassGraph;Ljava/util/Properties;Ljava/lang/ClassLoader;)V+34
j  org.openrewrite.config.ClasspathScanningLoader.<init>(Ljava/util/Properties;[Ljava/lang/String;)V+103
j  org.openrewrite.config.Environment$Builder.scanRuntimeClasspath([Ljava/lang/String;)Lorg/openrewrite/config/Environment$Builder;+10
j  org.springframework.ide.vscode.boot.java.rewrite.RewriteRecipeRepository.loadRecipes()V+34
j  org.springframework.ide.vscode.boot.java.rewrite.RewriteRecipeRepository$$Lambda$407+0x00000008003feb18.run()V+4
j  java.util.concurrent.CompletableFuture$AsyncRun.run()V+36 java.base@17.0.4.1
j  java.util.concurrent.CompletableFuture$AsyncRun.exec()Z+1 java.base@17.0.4.1
j  java.util.concurrent.ForkJoinTask.doExec()I+10 java.base@17.0.4.1
j  java.util.concurrent.ForkJoinPool$WorkQueue.topLevelExec(Ljava/util/concurrent/ForkJoinTask;Ljava/util/concurrent/ForkJoinPool$WorkQueue;)V+13 java.base@17.0.4.1
j  java.util.concurrent.ForkJoinPool.scan(Ljava/util/concurrent/ForkJoinPool$WorkQueue;II)I+193 java.base@17.0.4.1
j  java.util.concurrent.ForkJoinPool.runWorker(Ljava/util/concurrent/ForkJoinPool$WorkQueue;)V+53 java.base@17.0.4.1
j  java.util.concurrent.ForkJoinWorkerThread.run()V+31 java.base@17.0.4.1
v  ~StubRoutines::call_stub

---------------  P R O C E S S  ---------------

Threads class SMR info:
_java_thread_list=0x0000015d9e4ef830, length=22, elements={
0x0000015d9c4323b0, 0x0000015d9c432e70, 0x0000015d9c483130, 0x0000015d9c4839f0,
0x0000015d9c4842b0, 0x0000015d9c484b70, 0x0000015d9c48f450, 0x0000015d9c4ba530,
0x0000015d9c6b44a0, 0x0000015d9c6c0dd0, 0x0000015d9cc6e110, 0x0000015d9cfa46c0,
0x0000015d9cfa5410, 0x0000015d9ceac7c0, 0x0000015d9e0cad30, 0x0000015d9e2d7690,
0x0000015d9e2d8030, 0x0000015d9e2d89d0, 0x0000015d9e2d8ea0, 0x0000015d9e2d9840,
0x0000015d9cd08fe0, 0x0000015d9cd094b0
}

Java Threads: ( => current thread )
  0x0000015d9c4323b0 JavaThread "Reference Handler" daemon [_thread_blocked, id=9580, stack(0x0000000c99500000,0x0000000c99600000)]
  0x0000015d9c432e70 JavaThread "Finalizer" daemon [_thread_blocked, id=9592, stack(0x0000000c99600000,0x0000000c99700000)]
  0x0000015d9c483130 JavaThread "Signal Dispatcher" daemon [_thread_blocked, id=25804, stack(0x0000000c99700000,0x0000000c99800000)]
  0x0000015d9c4839f0 JavaThread "Attach Listener" daemon [_thread_blocked, id=28444, stack(0x0000000c99800000,0x0000000c99900000)]
  0x0000015d9c4842b0 JavaThread "Service Thread" daemon [_thread_blocked, id=15020, stack(0x0000000c99900000,0x0000000c99a00000)]
  0x0000015d9c484b70 JavaThread "Monitor Deflation Thread" daemon [_thread_blocked, id=10708, stack(0x0000000c99a00000,0x0000000c99b00000)]
  0x0000015d9c48f450 JavaThread "C1 CompilerThread0" daemon [_thread_blocked, id=10308, stack(0x0000000c99b00000,0x0000000c99c00000)]
  0x0000015d9c4ba530 JavaThread "Sweeper thread" daemon [_thread_blocked, id=18268, stack(0x0000000c99c00000,0x0000000c99d00000)]
  0x0000015d9c6b44a0 JavaThread "Notification Thread" daemon [_thread_blocked, id=25180, stack(0x0000000c99d00000,0x0000000c99e00000)]
  0x0000015d9c6c0dd0 JavaThread "Common-Cleaner" daemon [_thread_blocked, id=26188, stack(0x0000000c99f00000,0x0000000c9a000000)]
  0x0000015d9cc6e110 JavaThread "C1 CompilerThread1" daemon [_thread_blocked, id=13584, stack(0x0000000c9a000000,0x0000000c9a100000)]
  0x0000015d9cfa46c0 JavaThread "C1 CompilerThread2" daemon [_thread_blocked, id=316, stack(0x0000000c9a800000,0x0000000c9a900000)]
  0x0000015d9cfa5410 JavaThread "C1 CompilerThread3" daemon [_thread_blocked, id=2040, stack(0x0000000c9a900000,0x0000000c9aa00000)]
  0x0000015d9ceac7c0 JavaThread "boundedElastic-evictor-1" daemon [_thread_blocked, id=12704, stack(0x0000000c9aa00000,0x0000000c9ab00000)]
=>0x0000015d9e0cad30 JavaThread "ForkJoinPool.commonPool-worker-1" daemon [_thread_in_vm, id=9900, stack(0x0000000c9ac00000,0x0000000c9ad00000)]
  0x0000015d9e2d7690 JavaThread "pool-9-thread-1" [_thread_blocked, id=13596, stack(0x0000000c9bb00000,0x0000000c9bc00000)]
  0x0000015d9e2d8030 JavaThread "LanguageServerApp-lifecycle" [_thread_blocked, id=13280, stack(0x0000000c9bc00000,0x0000000c9bd00000)]
  0x0000015d9e2d89d0 JavaThread "DestroyJavaVM" [_thread_blocked, id=17264, stack(0x0000000c98e00000,0x0000000c98f00000)]
  0x0000015d9e2d8ea0 JavaThread "pool-10-thread-1" [_thread_in_native, id=1708, stack(0x0000000c9bd00000,0x0000000c9be00000)]
  0x0000015d9e2d9840 JavaThread "Simple-Language-Server main thread" daemon [_thread_blocked, id=23084, stack(0x0000000c9be00000,0x0000000c9bf00000)]
  0x0000015d9cd08fe0 JavaThread "parallel-1" daemon [_thread_blocked, id=10012, stack(0x0000000c9c200000,0x0000000c9c300000)]
  0x0000015d9cd094b0 JavaThread "pool-5-thread-1" [_thread_blocked, id=10196, stack(0x0000000c9c300000,0x0000000c9c400000)]

Other Threads:
  0x0000015d9b91ecb0 VMThread "VM Thread" [stack: 0x0000000c99400000,0x0000000c99500000] [id=19372]
  0x0000015d9c6b8980 WatcherThread [stack: 0x0000000c99e00000,0x0000000c99f00000] [id=18260]
  0x0000015d84fe37a0 GCTaskThread "GC Thread#0" [stack: 0x0000000c98f00000,0x0000000c99000000] [id=21404]
  0x0000015d9cf41130 GCTaskThread "GC Thread#1" [stack: 0x0000000c9a100000,0x0000000c9a200000] [id=25132]
  0x0000015d9cf413e0 GCTaskThread "GC Thread#2" [stack: 0x0000000c9a200000,0x0000000c9a300000] [id=26720]
  0x0000015d9cf41690 GCTaskThread "GC Thread#3" [stack: 0x0000000c9a300000,0x0000000c9a400000] [id=3912]
  0x0000015d9cf41940 GCTaskThread "GC Thread#4" [stack: 0x0000000c9a400000,0x0000000c9a500000] [id=4960]
  0x0000015d9cf41bf0 GCTaskThread "GC Thread#5" [stack: 0x0000000c9a500000,0x0000000c9a600000] [id=11172]
  0x0000015d9cf41ea0 GCTaskThread "GC Thread#6" [stack: 0x0000000c9a600000,0x0000000c9a700000] [id=25104]
  0x0000015d9cf42150 GCTaskThread "GC Thread#7" [stack: 0x0000000c9a700000,0x0000000c9a800000] [id=21232]
  0x0000015d84ff0470 ConcurrentGCThread "G1 Main Marker" [stack: 0x0000000c99000000,0x0000000c99100000] [id=28212]
  0x0000015d84ff0e80 ConcurrentGCThread "G1 Conc#0" [stack: 0x0000000c99100000,0x0000000c99200000] [id=14644]
  0x0000015d9dd337e0 ConcurrentGCThread "G1 Conc#1" [stack: 0x0000000c9ab00000,0x0000000c9ac00000] [id=2588]
  0x0000015d8501ea20 ConcurrentGCThread "G1 Refine#0" [stack: 0x0000000c99200000,0x0000000c99300000] [id=11892]
  0x0000015da02551f0 ConcurrentGCThread "G1 Refine#1" [stack: 0x0000000c9bf00000,0x0000000c9c000000] [id=11460]
  0x0000015da0227810 ConcurrentGCThread "G1 Refine#2" [stack: 0x0000000c9c000000,0x0000000c9c100000] [id=24960]
  0x0000015d9da32010 ConcurrentGCThread "G1 Refine#3" [stack: 0x0000000c9c100000,0x0000000c9c200000] [id=17936]
  0x0000015d9da31d30 ConcurrentGCThread "G1 Refine#4" [stack: 0x0000000c9c400000,0x0000000c9c500000] [id=456]
  0x0000015d9da328b0 ConcurrentGCThread "G1 Refine#5" [stack: 0x0000000c9c500000,0x0000000c9c600000] [id=9896]
  0x0000015d9b7a6700 ConcurrentGCThread "G1 Service" [stack: 0x0000000c99300000,0x0000000c99400000] [id=24980]

Threads with active compile tasks:

VM state: not at safepoint (normal execution)

VM Mutex/Monitor currently owned by a thread:  ([mutex/lock_event])
[0x0000015d82cc9400] Metaspace_lock - owner thread: 0x0000015d9e0cad30

Heap address: 0x0000000684c00000, size: 6068 MB, Compressed Oops mode: Zero based, Oop shift amount: 3

CDS archive(s) not mapped
Compressed class space mapped at: 0x0000000800000000-0x0000000840000000, reserved size: 1073741824
Narrow klass base: 0x0000000800000000, Narrow klass shift: 0, Narrow klass range: 0x40000000

GC Precious Log:
 CPUs: 8 total, 8 available
 Memory: 24267M
 Large Page Support: Disabled
 NUMA Support: Disabled
 Compressed Oops: Enabled (Zero based)
 Heap Region Size: 4M
 Heap Min Capacity: 8M
 Heap Initial Capacity: 380M
 Heap Max Capacity: 6068M
 Pre-touch: Disabled
 Parallel Workers: 8
 Concurrent Workers: 2
 Concurrent Refinement Workers: 8
 Periodic GC: Disabled

Heap:
 garbage-first heap   total 761856K, used 345332K [0x0000000684c00000, 0x0000000800000000)
  region size 4096K, 44 young (180224K), 14 survivors (57344K)
 Metaspace       used 43915K, committed 44288K, reserved 1089536K
  class space    used 5947K, committed 6144K, reserved 1048576K

Heap Regions: E=young(eden), S=young(survivor), O=old, HS=humongous(starts), HC=humongous(continues), CS=collection set, F=free, OA=open archive, CA=closed archive, TAMS=top-at-mark-start (previous, next)
|   0|0x0000000684c00000, 0x0000000685000000, 0x0000000685000000|100%| O|  |TAMS 0x0000000685000000, 0x0000000684c00000| Untracked 
|   1|0x0000000685000000, 0x0000000685400000, 0x0000000685400000|100%| O|  |TAMS 0x0000000685400000, 0x0000000685000000| Untracked 
|   2|0x0000000685400000, 0x0000000685800000, 0x0000000685800000|100%| O|  |TAMS 0x0000000685800000, 0x0000000685400000| Untracked 
|   3|0x0000000685800000, 0x0000000685c00000, 0x0000000685c00000|100%| O|  |TAMS 0x0000000685c00000, 0x0000000685800000| Untracked 
|   4|0x0000000685c00000, 0x0000000686000000, 0x0000000686000000|100%| O|  |TAMS 0x0000000686000000, 0x0000000685c00000| Untracked 
|   5|0x0000000686000000, 0x0000000686400000, 0x0000000686400000|100%| O|  |TAMS 0x0000000686400000, 0x0000000686000000| Untracked 
|   6|0x0000000686400000, 0x0000000686800000, 0x0000000686800000|100%| O|  |TAMS 0x0000000686800000, 0x0000000686400000| Untracked 
|   7|0x0000000686800000, 0x0000000686c00000, 0x0000000686c00000|100%| O|  |TAMS 0x0000000686c00000, 0x0000000686800000| Untracked 
|   8|0x0000000686c00000, 0x0000000687000000, 0x0000000687000000|100%| O|  |TAMS 0x0000000687000000, 0x0000000686c00000| Untracked 
|   9|0x0000000687000000, 0x0000000687400000, 0x0000000687400000|100%| O|  |TAMS 0x0000000687400000, 0x0000000687000000| Untracked 
|  10|0x0000000687400000, 0x0000000687800000, 0x0000000687800000|100%| O|  |TAMS 0x0000000687800000, 0x0000000687400000| Untracked 
|  11|0x0000000687800000, 0x0000000687c00000, 0x0000000687c00000|100%| O|  |TAMS 0x0000000687c00000, 0x0000000687800000| Untracked 
|  12|0x0000000687c00000, 0x0000000688000000, 0x0000000688000000|100%| O|  |TAMS 0x0000000688000000, 0x0000000687c00000| Untracked 
|  13|0x0000000688000000, 0x0000000688400000, 0x0000000688400000|100%| O|  |TAMS 0x0000000688400000, 0x0000000688000000| Untracked 
|  14|0x0000000688400000, 0x0000000688800000, 0x0000000688800000|100%| O|  |TAMS 0x0000000688800000, 0x0000000688400000| Untracked 
|  15|0x0000000688800000, 0x0000000688c00000, 0x0000000688c00000|100%| O|  |TAMS 0x0000000688c00000, 0x0000000688800000| Untracked 
|  16|0x0000000688c00000, 0x0000000689000000, 0x0000000689000000|100%| O|  |TAMS 0x0000000689000000, 0x0000000688c00000| Untracked 
|  17|0x0000000689000000, 0x0000000689400000, 0x0000000689400000|100%| O|  |TAMS 0x0000000689400000, 0x0000000689000000| Untracked 
|  18|0x0000000689400000, 0x0000000689800000, 0x0000000689800000|100%| O|  |TAMS 0x0000000689800000, 0x0000000689400000| Untracked 
|  19|0x0000000689800000, 0x0000000689c00000, 0x0000000689c00000|100%| O|  |TAMS 0x0000000689c00000, 0x0000000689800000| Untracked 
|  20|0x0000000689c00000, 0x000000068a000000, 0x000000068a000000|100%| O|  |TAMS 0x000000068a000000, 0x0000000689c00000| Untracked 
|  21|0x000000068a000000, 0x000000068a400000, 0x000000068a400000|100%| O|  |TAMS 0x000000068a400000, 0x000000068a000000| Untracked 
|  22|0x000000068a400000, 0x000000068a5c9a00, 0x000000068a800000| 44%| O|  |TAMS 0x000000068a5c9a00, 0x000000068a400000| Untracked 
|  23|0x000000068a800000, 0x000000068ac00000, 0x000000068ac00000|100%| O|  |TAMS 0x000000068a800000, 0x000000068a800000| Untracked 
|  24|0x000000068ac00000, 0x000000068b000000, 0x000000068b000000|100%| O|  |TAMS 0x000000068ac00000, 0x000000068ac00000| Untracked 
|  25|0x000000068b000000, 0x000000068b400000, 0x000000068b400000|100%| O|  |TAMS 0x000000068b000000, 0x000000068b000000| Untracked 
|  26|0x000000068b400000, 0x000000068b800000, 0x000000068b800000|100%| O|  |TAMS 0x000000068b400000, 0x000000068b400000| Untracked 
|  27|0x000000068b800000, 0x000000068bc00000, 0x000000068bc00000|100%| O|  |TAMS 0x000000068b800000, 0x000000068b800000| Untracked 
|  28|0x000000068bc00000, 0x000000068c000000, 0x000000068c000000|100%| O|  |TAMS 0x000000068bc00000, 0x000000068bc00000| Untracked 
|  29|0x000000068c000000, 0x000000068c400000, 0x000000068c400000|100%| O|  |TAMS 0x000000068c000000, 0x000000068c000000| Untracked 
|  30|0x000000068c400000, 0x000000068c800000, 0x000000068c800000|100%| O|  |TAMS 0x000000068c400000, 0x000000068c400000| Untracked 
|  31|0x000000068c800000, 0x000000068cc00000, 0x000000068cc00000|100%| O|  |TAMS 0x000000068c800000, 0x000000068c800000| Untracked 
|  32|0x000000068cc00000, 0x000000068d000000, 0x000000068d000000|100%| O|  |TAMS 0x000000068cc00000, 0x000000068cc00000| Untracked 
|  33|0x000000068d000000, 0x000000068d400000, 0x000000068d400000|100%| O|  |TAMS 0x000000068d000000, 0x000000068d000000| Untracked 
|  34|0x000000068d400000, 0x000000068d800000, 0x000000068d800000|100%| O|  |TAMS 0x000000068d400000, 0x000000068d400000| Untracked 
|  35|0x000000068d800000, 0x000000068dc00000, 0x000000068dc00000|100%| O|  |TAMS 0x000000068d800000, 0x000000068d800000| Untracked 
|  36|0x000000068dc00000, 0x000000068e000000, 0x000000068e000000|100%| O|  |TAMS 0x000000068dc00000, 0x000000068dc00000| Untracked 
|  37|0x000000068e000000, 0x000000068e400000, 0x000000068e400000|100%| O|  |TAMS 0x000000068e000000, 0x000000068e000000| Untracked 
|  38|0x000000068e400000, 0x000000068e800000, 0x000000068e800000|100%| O|  |TAMS 0x000000068e400000, 0x000000068e400000| Untracked 
|  39|0x000000068e800000, 0x000000068ec00000, 0x000000068ec00000|100%| O|  |TAMS 0x000000068e800000, 0x000000068e800000| Untracked 
|  40|0x000000068ec00000, 0x000000068f000000, 0x000000068f000000|100%| O|  |TAMS 0x000000068ec00000, 0x000000068ec00000| Untracked 
|  41|0x000000068f000000, 0x000000068f400000, 0x000000068f400000|100%| O|  |TAMS 0x000000068f000000, 0x000000068f000000| Untracked 
|  42|0x000000068f400000, 0x000000068f800000, 0x000000068f800000|100%| O|  |TAMS 0x000000068f400000, 0x000000068f400000| Untracked 
|  43|0x000000068f800000, 0x000000068f8c7c00, 0x000000068fc00000| 19%| O|  |TAMS 0x000000068f800000, 0x000000068f800000| Untracked 
|  44|0x000000068fc00000, 0x000000068fc00000, 0x0000000690000000|  0%| F|  |TAMS 0x000000068fc00000, 0x000000068fc00000| Untracked 
|  45|0x0000000690000000, 0x0000000690000000, 0x0000000690400000|  0%| F|  |TAMS 0x0000000690000000, 0x0000000690000000| Untracked 
|  46|0x0000000690400000, 0x0000000690400000, 0x0000000690800000|  0%| F|  |TAMS 0x0000000690400000, 0x0000000690400000| Untracked 
|  47|0x0000000690800000, 0x0000000690800000, 0x0000000690c00000|  0%| F|  |TAMS 0x0000000690800000, 0x0000000690800000| Untracked 
|  48|0x0000000690c00000, 0x0000000690c00000, 0x0000000691000000|  0%| F|  |TAMS 0x0000000690c00000, 0x0000000690c00000| Untracked 
|  49|0x0000000691000000, 0x0000000691000000, 0x0000000691400000|  0%| F|  |TAMS 0x0000000691000000, 0x0000000691000000| Untracked 
|  50|0x0000000691400000, 0x0000000691400000, 0x0000000691800000|  0%| F|  |TAMS 0x0000000691400000, 0x0000000691400000| Untracked 
|  51|0x0000000691800000, 0x0000000691800000, 0x0000000691c00000|  0%| F|  |TAMS 0x0000000691800000, 0x0000000691800000| Untracked 
|  52|0x0000000691c00000, 0x0000000691c00000, 0x0000000692000000|  0%| F|  |TAMS 0x0000000691c00000, 0x0000000691c00000| Untracked 
|  53|0x0000000692000000, 0x0000000692000000, 0x0000000692400000|  0%| F|  |TAMS 0x0000000692000000, 0x0000000692000000| Untracked 
|  54|0x0000000692400000, 0x0000000692400000, 0x0000000692800000|  0%| F|  |TAMS 0x0000000692400000, 0x0000000692400000| Untracked 
|  55|0x0000000692800000, 0x0000000692800000, 0x0000000692c00000|  0%| F|  |TAMS 0x0000000692800000, 0x0000000692800000| Untracked 
|  56|0x0000000692c00000, 0x0000000692c00000, 0x0000000693000000|  0%| F|  |TAMS 0x0000000692c00000, 0x0000000692c00000| Untracked 
|  57|0x0000000693000000, 0x0000000693000000, 0x0000000693400000|  0%| F|  |TAMS 0x0000000693000000, 0x0000000693000000| Untracked 
|  58|0x0000000693400000, 0x0000000693400000, 0x0000000693800000|  0%| F|  |TAMS 0x0000000693400000, 0x0000000693400000| Untracked 
|  59|0x0000000693800000, 0x0000000693800000, 0x0000000693c00000|  0%| F|  |TAMS 0x0000000693800000, 0x0000000693800000| Untracked 
|  60|0x0000000693c00000, 0x0000000693c00000, 0x0000000694000000|  0%| F|  |TAMS 0x0000000693c00000, 0x0000000693c00000| Untracked 
|  61|0x0000000694000000, 0x00000006942abd78, 0x0000000694400000| 66%| S|CS|TAMS 0x0000000694000000, 0x0000000694000000| Complete 
|  62|0x0000000694400000, 0x0000000694800000, 0x0000000694800000|100%| S|CS|TAMS 0x0000000694400000, 0x0000000694400000| Complete 
|  63|0x0000000694800000, 0x0000000694c00000, 0x0000000694c00000|100%| S|CS|TAMS 0x0000000694800000, 0x0000000694800000| Complete 
|  64|0x0000000694c00000, 0x0000000695000000, 0x0000000695000000|100%| S|CS|TAMS 0x0000000694c00000, 0x0000000694c00000| Complete 
|  65|0x0000000695000000, 0x0000000695400000, 0x0000000695400000|100%| S|CS|TAMS 0x0000000695000000, 0x0000000695000000| Complete 
|  66|0x0000000695400000, 0x0000000695800000, 0x0000000695800000|100%| S|CS|TAMS 0x0000000695400000, 0x0000000695400000| Complete 
|  67|0x0000000695800000, 0x0000000695c00000, 0x0000000695c00000|100%| S|CS|TAMS 0x0000000695800000, 0x0000000695800000| Complete 
|  68|0x0000000695c00000, 0x0000000696000000, 0x0000000696000000|100%| S|CS|TAMS 0x0000000695c00000, 0x0000000695c00000| Complete 
|  69|0x0000000696000000, 0x0000000696400000, 0x0000000696400000|100%| S|CS|TAMS 0x0000000696000000, 0x0000000696000000| Complete 
|  70|0x0000000696400000, 0x0000000696400000, 0x0000000696800000|  0%| F|  |TAMS 0x0000000696400000, 0x0000000696400000| Untracked 
|  71|0x0000000696800000, 0x0000000696800000, 0x0000000696c00000|  0%| F|  |TAMS 0x0000000696800000, 0x0000000696800000| Untracked 
|  72|0x0000000696c00000, 0x0000000696c00000, 0x0000000697000000|  0%| F|  |TAMS 0x0000000696c00000, 0x0000000696c00000| Untracked 
|  73|0x0000000697000000, 0x0000000697000000, 0x0000000697400000|  0%| F|  |TAMS 0x0000000697000000, 0x0000000697000000| Untracked 
|  74|0x0000000697400000, 0x0000000697400000, 0x0000000697800000|  0%| F|  |TAMS 0x0000000697400000, 0x0000000697400000| Untracked 
|  75|0x0000000697800000, 0x0000000697800000, 0x0000000697c00000|  0%| F|  |TAMS 0x0000000697800000, 0x0000000697800000| Untracked 
|  76|0x0000000697c00000, 0x0000000697c00000, 0x0000000698000000|  0%| F|  |TAMS 0x0000000697c00000, 0x0000000697c00000| Untracked 
|  77|0x0000000698000000, 0x0000000698000000, 0x0000000698400000|  0%| F|  |TAMS 0x0000000698000000, 0x0000000698000000| Untracked 
|  78|0x0000000698400000, 0x0000000698400000, 0x0000000698800000|  0%| F|  |TAMS 0x0000000698400000, 0x0000000698400000| Untracked 
|  79|0x0000000698800000, 0x0000000698800000, 0x0000000698c00000|  0%| F|  |TAMS 0x0000000698800000, 0x0000000698800000| Untracked 
|  80|0x0000000698c00000, 0x0000000698c00000, 0x0000000699000000|  0%| F|  |TAMS 0x0000000698c00000, 0x0000000698c00000| Untracked 
|  81|0x0000000699000000, 0x0000000699400000, 0x0000000699400000|100%| S|CS|TAMS 0x0000000699000000, 0x0000000699000000| Complete 
|  82|0x0000000699400000, 0x0000000699800000, 0x0000000699800000|100%| S|CS|TAMS 0x0000000699400000, 0x0000000699400000| Complete 
|  83|0x0000000699800000, 0x0000000699c00000, 0x0000000699c00000|100%| S|CS|TAMS 0x0000000699800000, 0x0000000699800000| Complete 
|  84|0x0000000699c00000, 0x000000069a000000, 0x000000069a000000|100%| S|CS|TAMS 0x0000000699c00000, 0x0000000699c00000| Complete 
|  85|0x000000069a000000, 0x000000069a400000, 0x000000069a400000|100%| S|CS|TAMS 0x000000069a000000, 0x000000069a000000| Complete 
|  86|0x000000069a400000, 0x000000069a400000, 0x000000069a800000|  0%| F|  |TAMS 0x000000069a400000, 0x000000069a400000| Untracked 
|  87|0x000000069a800000, 0x000000069a800000, 0x000000069ac00000|  0%| F|  |TAMS 0x000000069a800000, 0x000000069a800000| Untracked 
|  88|0x000000069ac00000, 0x000000069ac00000, 0x000000069b000000|  0%| F|  |TAMS 0x000000069ac00000, 0x000000069ac00000| Untracked 
|  89|0x000000069b000000, 0x000000069b000000, 0x000000069b400000|  0%| F|  |TAMS 0x000000069b000000, 0x000000069b000000| Untracked 
|  90|0x000000069b400000, 0x000000069b400000, 0x000000069b800000|  0%| F|  |TAMS 0x000000069b400000, 0x000000069b400000| Untracked 
|  91|0x000000069b800000, 0x000000069b800000, 0x000000069bc00000|  0%| F|  |TAMS 0x000000069b800000, 0x000000069b800000| Untracked 
|  92|0x000000069bc00000, 0x000000069bc00000, 0x000000069c000000|  0%| F|  |TAMS 0x000000069bc00000, 0x000000069bc00000| Untracked 
|  93|0x000000069c000000, 0x000000069c000000, 0x000000069c400000|  0%| F|  |TAMS 0x000000069c000000, 0x000000069c000000| Untracked 
|  94|0x000000069c400000, 0x000000069c400000, 0x000000069c800000|  0%| F|  |TAMS 0x000000069c400000, 0x000000069c400000| Untracked 
|  95|0x000000069c800000, 0x000000069c800000, 0x000000069cc00000|  0%| F|  |TAMS 0x000000069c800000, 0x000000069c800000| Untracked 
|  96|0x000000069cc00000, 0x000000069cc00000, 0x000000069d000000|  0%| F|  |TAMS 0x000000069cc00000, 0x000000069cc00000| Untracked 
|  97|0x000000069d000000, 0x000000069d000000, 0x000000069d400000|  0%| F|  |TAMS 0x000000069d000000, 0x000000069d000000| Untracked 
|  98|0x000000069d400000, 0x000000069d400000, 0x000000069d800000|  0%| F|  |TAMS 0x000000069d400000, 0x000000069d400000| Untracked 
|  99|0x000000069d800000, 0x000000069d800000, 0x000000069dc00000|  0%| F|  |TAMS 0x000000069d800000, 0x000000069d800000| Untracked 
| 100|0x000000069dc00000, 0x000000069dc00000, 0x000000069e000000|  0%| F|  |TAMS 0x000000069dc00000, 0x000000069dc00000| Untracked 
| 101|0x000000069e000000, 0x000000069e000000, 0x000000069e400000|  0%| F|  |TAMS 0x000000069e000000, 0x000000069e000000| Untracked 
| 102|0x000000069e400000, 0x000000069e400000, 0x000000069e800000|  0%| F|  |TAMS 0x000000069e400000, 0x000000069e400000| Untracked 
| 103|0x000000069e800000, 0x000000069e800000, 0x000000069ec00000|  0%| F|  |TAMS 0x000000069e800000, 0x000000069e800000| Untracked 
| 104|0x000000069ec00000, 0x000000069ec00000, 0x000000069f000000|  0%| F|  |TAMS 0x000000069ec00000, 0x000000069ec00000| Untracked 
| 105|0x000000069f000000, 0x000000069f000000, 0x000000069f400000|  0%| F|  |TAMS 0x000000069f000000, 0x000000069f000000| Untracked 
| 106|0x000000069f400000, 0x000000069f400000, 0x000000069f800000|  0%| F|  |TAMS 0x000000069f400000, 0x000000069f400000| Untracked 
| 107|0x000000069f800000, 0x000000069f800000, 0x000000069fc00000|  0%| F|  |TAMS 0x000000069f800000, 0x000000069f800000| Untracked 
| 108|0x000000069fc00000, 0x000000069fc00000, 0x00000006a0000000|  0%| F|  |TAMS 0x000000069fc00000, 0x000000069fc00000| Untracked 
| 109|0x00000006a0000000, 0x00000006a0000000, 0x00000006a0400000|  0%| F|  |TAMS 0x00000006a0000000, 0x00000006a0000000| Untracked 
| 110|0x00000006a0400000, 0x00000006a0400000, 0x00000006a0800000|  0%| F|  |TAMS 0x00000006a0400000, 0x00000006a0400000| Untracked 
| 111|0x00000006a0800000, 0x00000006a0800000, 0x00000006a0c00000|  0%| F|  |TAMS 0x00000006a0800000, 0x00000006a0800000| Untracked 
| 112|0x00000006a0c00000, 0x00000006a0c00000, 0x00000006a1000000|  0%| F|  |TAMS 0x00000006a0c00000, 0x00000006a0c00000| Untracked 
| 113|0x00000006a1000000, 0x00000006a1000000, 0x00000006a1400000|  0%| F|  |TAMS 0x00000006a1000000, 0x00000006a1000000| Untracked 
| 114|0x00000006a1400000, 0x00000006a1400000, 0x00000006a1800000|  0%| F|  |TAMS 0x00000006a1400000, 0x00000006a1400000| Untracked 
| 115|0x00000006a1800000, 0x00000006a1800000, 0x00000006a1c00000|  0%| F|  |TAMS 0x00000006a1800000, 0x00000006a1800000| Untracked 
| 116|0x00000006a1c00000, 0x00000006a1c00000, 0x00000006a2000000|  0%| F|  |TAMS 0x00000006a1c00000, 0x00000006a1c00000| Untracked 
| 117|0x00000006a2000000, 0x00000006a2000000, 0x00000006a2400000|  0%| F|  |TAMS 0x00000006a2000000, 0x00000006a2000000| Untracked 
| 118|0x00000006a2400000, 0x00000006a2400000, 0x00000006a2800000|  0%| F|  |TAMS 0x00000006a2400000, 0x00000006a2400000| Untracked 
| 119|0x00000006a2800000, 0x00000006a2800000, 0x00000006a2c00000|  0%| F|  |TAMS 0x00000006a2800000, 0x00000006a2800000| Untracked 
| 120|0x00000006a2c00000, 0x00000006a2c00000, 0x00000006a3000000|  0%| F|  |TAMS 0x00000006a2c00000, 0x00000006a2c00000| Untracked 
| 121|0x00000006a3000000, 0x00000006a3000000, 0x00000006a3400000|  0%| F|  |TAMS 0x00000006a3000000, 0x00000006a3000000| Untracked 
| 122|0x00000006a3400000, 0x00000006a3400000, 0x00000006a3800000|  0%| F|  |TAMS 0x00000006a3400000, 0x00000006a3400000| Untracked 
| 123|0x00000006a3800000, 0x00000006a3800000, 0x00000006a3c00000|  0%| F|  |TAMS 0x00000006a3800000, 0x00000006a3800000| Untracked 
| 124|0x00000006a3c00000, 0x00000006a3c00000, 0x00000006a4000000|  0%| F|  |TAMS 0x00000006a3c00000, 0x00000006a3c00000| Untracked 
| 125|0x00000006a4000000, 0x00000006a4000000, 0x00000006a4400000|  0%| F|  |TAMS 0x00000006a4000000, 0x00000006a4000000| Untracked 
| 126|0x00000006a4400000, 0x00000006a4400000, 0x00000006a4800000|  0%| F|  |TAMS 0x00000006a4400000, 0x00000006a4400000| Untracked 
| 127|0x00000006a4800000, 0x00000006a4800000, 0x00000006a4c00000|  0%| F|  |TAMS 0x00000006a4800000, 0x00000006a4800000| Untracked 
| 128|0x00000006a4c00000, 0x00000006a4c00000, 0x00000006a5000000|  0%| F|  |TAMS 0x00000006a4c00000, 0x00000006a4c00000| Untracked 
| 129|0x00000006a5000000, 0x00000006a5000000, 0x00000006a5400000|  0%| F|  |TAMS 0x00000006a5000000, 0x00000006a5000000| Untracked 
| 130|0x00000006a5400000, 0x00000006a5400000, 0x00000006a5800000|  0%| F|  |TAMS 0x00000006a5400000, 0x00000006a5400000| Untracked 
| 131|0x00000006a5800000, 0x00000006a5800000, 0x00000006a5c00000|  0%| F|  |TAMS 0x00000006a5800000, 0x00000006a5800000| Untracked 
| 132|0x00000006a5c00000, 0x00000006a5c00000, 0x00000006a6000000|  0%| F|  |TAMS 0x00000006a5c00000, 0x00000006a5c00000| Untracked 
| 133|0x00000006a6000000, 0x00000006a6000000, 0x00000006a6400000|  0%| F|  |TAMS 0x00000006a6000000, 0x00000006a6000000| Untracked 
| 134|0x00000006a6400000, 0x00000006a6400000, 0x00000006a6800000|  0%| F|  |TAMS 0x00000006a6400000, 0x00000006a6400000| Untracked 
| 135|0x00000006a6800000, 0x00000006a6800000, 0x00000006a6c00000|  0%| F|  |TAMS 0x00000006a6800000, 0x00000006a6800000| Untracked 
| 136|0x00000006a6c00000, 0x00000006a6c00000, 0x00000006a7000000|  0%| F|  |TAMS 0x00000006a6c00000, 0x00000006a6c00000| Untracked 
| 137|0x00000006a7000000, 0x00000006a7000000, 0x00000006a7400000|  0%| F|  |TAMS 0x00000006a7000000, 0x00000006a7000000| Untracked 
| 138|0x00000006a7400000, 0x00000006a7400000, 0x00000006a7800000|  0%| F|  |TAMS 0x00000006a7400000, 0x00000006a7400000| Untracked 
| 139|0x00000006a7800000, 0x00000006a7800000, 0x00000006a7c00000|  0%| F|  |TAMS 0x00000006a7800000, 0x00000006a7800000| Untracked 
| 140|0x00000006a7c00000, 0x00000006a7c00000, 0x00000006a8000000|  0%| F|  |TAMS 0x00000006a7c00000, 0x00000006a7c00000| Untracked 
| 141|0x00000006a8000000, 0x00000006a8000000, 0x00000006a8400000|  0%| F|  |TAMS 0x00000006a8000000, 0x00000006a8000000| Untracked 
| 142|0x00000006a8400000, 0x00000006a8400000, 0x00000006a8800000|  0%| F|  |TAMS 0x00000006a8400000, 0x00000006a8400000| Untracked 
| 143|0x00000006a8800000, 0x00000006a8800000, 0x00000006a8c00000|  0%| F|  |TAMS 0x00000006a8800000, 0x00000006a8800000| Untracked 
| 144|0x00000006a8c00000, 0x00000006a8c00000, 0x00000006a9000000|  0%| F|  |TAMS 0x00000006a8c00000, 0x00000006a8c00000| Untracked 
| 145|0x00000006a9000000, 0x00000006a9000000, 0x00000006a9400000|  0%| F|  |TAMS 0x00000006a9000000, 0x00000006a9000000| Untracked 
| 146|0x00000006a9400000, 0x00000006a9400000, 0x00000006a9800000|  0%| F|  |TAMS 0x00000006a9400000, 0x00000006a9400000| Untracked 
| 147|0x00000006a9800000, 0x00000006a9800000, 0x00000006a9c00000|  0%| F|  |TAMS 0x00000006a9800000, 0x00000006a9800000| Untracked 
| 148|0x00000006a9c00000, 0x00000006a9c00000, 0x00000006aa000000|  0%| F|  |TAMS 0x00000006a9c00000, 0x00000006a9c00000| Untracked 
| 149|0x00000006aa000000, 0x00000006aa000000, 0x00000006aa400000|  0%| F|  |TAMS 0x00000006aa000000, 0x00000006aa000000| Untracked 
| 150|0x00000006aa400000, 0x00000006aa400000, 0x00000006aa800000|  0%| F|  |TAMS 0x00000006aa400000, 0x00000006aa400000| Untracked 
| 151|0x00000006aa800000, 0x00000006aa800000, 0x00000006aac00000|  0%| F|  |TAMS 0x00000006aa800000, 0x00000006aa800000| Untracked 
| 152|0x00000006aac00000, 0x00000006aac00000, 0x00000006ab000000|  0%| F|  |TAMS 0x00000006aac00000, 0x00000006aac00000| Untracked 
| 153|0x00000006ab000000, 0x00000006ab000000, 0x00000006ab400000|  0%| F|  |TAMS 0x00000006ab000000, 0x00000006ab000000| Untracked 
| 154|0x00000006ab400000, 0x00000006ab400000, 0x00000006ab800000|  0%| F|  |TAMS 0x00000006ab400000, 0x00000006ab400000| Untracked 
| 155|0x00000006ab800000, 0x00000006ab800000, 0x00000006abc00000|  0%| F|  |TAMS 0x00000006ab800000, 0x00000006ab800000| Untracked 
| 156|0x00000006abc00000, 0x00000006abdd79a8, 0x00000006ac000000| 46%| E|  |TAMS 0x00000006abc00000, 0x00000006abc00000| Complete 
| 157|0x00000006ac000000, 0x00000006ac400000, 0x00000006ac400000|100%| E|CS|TAMS 0x00000006ac000000, 0x00000006ac000000| Complete 
| 158|0x00000006ac400000, 0x00000006ac800000, 0x00000006ac800000|100%| E|CS|TAMS 0x00000006ac400000, 0x00000006ac400000| Complete 
| 159|0x00000006ac800000, 0x00000006acc00000, 0x00000006acc00000|100%| E|CS|TAMS 0x00000006ac800000, 0x00000006ac800000| Complete 
| 160|0x00000006acc00000, 0x00000006ad000000, 0x00000006ad000000|100%| E|CS|TAMS 0x00000006acc00000, 0x00000006acc00000| Complete 
| 161|0x00000006ad000000, 0x00000006ad400000, 0x00000006ad400000|100%| E|CS|TAMS 0x00000006ad000000, 0x00000006ad000000| Complete 
| 162|0x00000006ad400000, 0x00000006ad800000, 0x00000006ad800000|100%| E|CS|TAMS 0x00000006ad400000, 0x00000006ad400000| Complete 
| 163|0x00000006ad800000, 0x00000006adc00000, 0x00000006adc00000|100%| E|CS|TAMS 0x00000006ad800000, 0x00000006ad800000| Complete 
| 164|0x00000006adc00000, 0x00000006ae000000, 0x00000006ae000000|100%| E|CS|TAMS 0x00000006adc00000, 0x00000006adc00000| Complete 
| 165|0x00000006ae000000, 0x00000006ae400000, 0x00000006ae400000|100%| E|CS|TAMS 0x00000006ae000000, 0x00000006ae000000| Complete 
| 166|0x00000006ae400000, 0x00000006ae800000, 0x00000006ae800000|100%| E|  |TAMS 0x00000006ae400000, 0x00000006ae400000| Complete 
| 167|0x00000006ae800000, 0x00000006aec00000, 0x00000006aec00000|100%| E|CS|TAMS 0x00000006ae800000, 0x00000006ae800000| Complete 
| 168|0x00000006aec00000, 0x00000006af000000, 0x00000006af000000|100%| E|CS|TAMS 0x00000006aec00000, 0x00000006aec00000| Complete 
| 169|0x00000006af000000, 0x00000006af400000, 0x00000006af400000|100%| E|CS|TAMS 0x00000006af000000, 0x00000006af000000| Complete 
| 170|0x00000006af400000, 0x00000006af800000, 0x00000006af800000|100%| E|CS|TAMS 0x00000006af400000, 0x00000006af400000| Complete 
| 171|0x00000006af800000, 0x00000006afc00000, 0x00000006afc00000|100%| E|CS|TAMS 0x00000006af800000, 0x00000006af800000| Complete 
| 172|0x00000006afc00000, 0x00000006b0000000, 0x00000006b0000000|100%| E|CS|TAMS 0x00000006afc00000, 0x00000006afc00000| Complete 
| 173|0x00000006b0000000, 0x00000006b0400000, 0x00000006b0400000|100%| E|CS|TAMS 0x00000006b0000000, 0x00000006b0000000| Complete 
| 217|0x00000006bb000000, 0x00000006bb400000, 0x00000006bb400000|100%| E|CS|TAMS 0x00000006bb000000, 0x00000006bb000000| Complete 
| 218|0x00000006bb400000, 0x00000006bb800000, 0x00000006bb800000|100%| E|CS|TAMS 0x00000006bb400000, 0x00000006bb400000| Complete 
| 219|0x00000006bb800000, 0x00000006bbc00000, 0x00000006bbc00000|100%| E|CS|TAMS 0x00000006bb800000, 0x00000006bb800000| Complete 
| 220|0x00000006bbc00000, 0x00000006bc000000, 0x00000006bc000000|100%| E|CS|TAMS 0x00000006bbc00000, 0x00000006bbc00000| Complete 
| 221|0x00000006bc000000, 0x00000006bc400000, 0x00000006bc400000|100%| E|CS|TAMS 0x00000006bc000000, 0x00000006bc000000| Complete 
| 222|0x00000006bc400000, 0x00000006bc800000, 0x00000006bc800000|100%| E|CS|TAMS 0x00000006bc400000, 0x00000006bc400000| Complete 
| 223|0x00000006bc800000, 0x00000006bcc00000, 0x00000006bcc00000|100%| E|CS|TAMS 0x00000006bc800000, 0x00000006bc800000| Complete 
| 224|0x00000006bcc00000, 0x00000006bd000000, 0x00000006bd000000|100%| E|CS|TAMS 0x00000006bcc00000, 0x00000006bcc00000| Complete 
| 225|0x00000006bd000000, 0x00000006bd400000, 0x00000006bd400000|100%| E|CS|TAMS 0x00000006bd000000, 0x00000006bd000000| Complete 
| 257|0x00000006c5000000, 0x00000006c5400000, 0x00000006c5400000|100%| E|CS|TAMS 0x00000006c5000000, 0x00000006c5000000| Complete 
| 258|0x00000006c5400000, 0x00000006c5800000, 0x00000006c5800000|100%| E|CS|TAMS 0x00000006c5400000, 0x00000006c5400000| Complete 
| 259|0x00000006c5800000, 0x00000006c5c00000, 0x00000006c5c00000|100%| E|CS|TAMS 0x00000006c5800000, 0x00000006c5800000| Complete 

Card table byte_map: [0x0000015d8b8d0000,0x0000015d8c4b0000] _byte_map_base: 0x0000015d884aa000

Marking Bits (Prev, Next): (CMBitMap*) 0x0000015d84fe3db0, (CMBitMap*) 0x0000015d84fe3df0
 Prev Bits: [0x0000015d8d090000, 0x0000015d92f60000)
 Next Bits: [0x0000015d92f60000, 0x0000015d98e30000)

Polling page: 0x0000015d84720000

Metaspace:

Usage:
  Non-class:     37.08 MB used.
      Class:      5.81 MB used.
       Both:     42.89 MB used.

Virtual space:
  Non-class space:       40.00 MB reserved,      37.25 MB ( 93%) committed,  5 nodes.
      Class space:        1.00 GB reserved,       6.00 MB ( <1%) committed,  1 nodes.
             Both:        1.04 GB reserved,      43.25 MB (  4%) committed. 

Chunk freelists:
   Non-Class:  2.55 MB
       Class:  1.91 MB
        Both:  4.46 MB

MaxMetaspaceSize: unlimited
CompressedClassSpaceSize: 1.00 GB
Initial GC threshold: 21.00 MB
Current GC threshold: 59.38 MB
CDS: off
MetaspaceReclaimPolicy: balanced
 - commit_granule_bytes: 65536.
 - commit_granule_words: 8192.
 - virtual_space_node_default_size: 1048576.
 - enlarge_chunks_in_place: 1.
 - new_chunks_are_fully_committed: 0.
 - uncommit_free_chunks: 1.
 - use_allocation_guard: 0.
 - handle_deallocations: 1.


Internal statistics:

num_allocs_failed_limit: 6.
num_arena_births: 404.
num_arena_deaths: 0.
num_vsnodes_births: 6.
num_vsnodes_deaths: 0.
num_space_committed: 692.
num_space_uncommitted: 0.
num_chunks_returned_to_freelist: 6.
num_chunks_taken_from_freelist: 1726.
num_chunk_merges: 6.
num_chunk_splits: 1228.
num_chunks_enlarged: 965.
num_purges: 0.
num_inconsistent_stats: 0.

CodeCache: size=49152Kb used=10953Kb max_used=10953Kb free=38198Kb
 bounds [0x0000015d87be0000, 0x0000015d886a0000, 0x0000015d8abe0000]
 total_blobs=5248 nmethods=4702 adapters=470
 compilation: enabled
              stopped_count=0, restarted_count=0
 full_count=0

Compilation events (20 events):
Event: 17.888 Thread 0x0000015d9c48f450 nmethod 4705 0x0000015d8868ac10 code [0x0000015d8868ae20, 0x0000015d8868b1c8]
Event: 17.888 Thread 0x0000015d9cfa46c0 nmethod 4706 0x0000015d8868b410 code [0x0000015d8868b5a0, 0x0000015d8868b658]
Event: 17.888 Thread 0x0000015d9cfa5410 nmethod 4707 0x0000015d8868b710 code [0x0000015d8868b8a0, 0x0000015d8868b988]
Event: 17.888 Thread 0x0000015d9cc6e110 nmethod 4708 0x0000015d8868ba10 code [0x0000015d8868bbc0, 0x0000015d8868bd48]
Event: 17.889 Thread 0x0000015d9c48f450 4709       1       java.util.concurrent.ThreadPoolExecutor::workerCountOf (5 bytes)
Event: 17.889 Thread 0x0000015d9c48f450 nmethod 4709 0x0000015d8868be10 code [0x0000015d8868bfa0, 0x0000015d8868c058]
Event: 17.889 Thread 0x0000015d9cfa46c0 4710       1       java.util.concurrent.locks.AbstractQueuedSynchronizer$ConditionObject::canReacquire (28 bytes)
Event: 17.889 Thread 0x0000015d9cfa5410 4711       1       java.util.concurrent.ConcurrentHashMap::size (31 bytes)
Event: 17.889 Thread 0x0000015d9cfa46c0 nmethod 4710 0x0000015d8868c110 code [0x0000015d8868c2a0, 0x0000015d8868c3f8]
Event: 17.889 Thread 0x0000015d9cfa5410 nmethod 4711 0x0000015d8868c510 code [0x0000015d8868c6c0, 0x0000015d8868c828]
Event: 17.891 Thread 0x0000015d9cfa5410 4712       1       java.lang.String::encodeUTF8 (141 bytes)
Event: 17.891 Thread 0x0000015d9c48f450 4713   !   1       io.github.classgraph.ClasspathElementZip::getAllURIs (127 bytes)
Event: 17.891 Thread 0x0000015d9cc6e110 4714   !   1       io.github.classgraph.ClasspathElementZip::getURI (43 bytes)
Event: 17.891 Thread 0x0000015d9cfa46c0 4715       1       nonapi.io.github.classgraph.utils.URLPathEncoder::normalizeURLPath (350 bytes)
Event: 17.891 Thread 0x0000015d9cfa5410 nmethod 4712 0x0000015d8868c890 code [0x0000015d8868ca80, 0x0000015d8868d028]
Event: 17.891 Thread 0x0000015d9cc6e110 nmethod 4714 0x0000015d8868d290 code [0x0000015d8868d4c0, 0x0000015d8868db58]
Event: 17.892 Thread 0x0000015d9cfa5410 4716       1       java.util.concurrent.locks.LockSupport::setCurrentBlocker (14 bytes)
Event: 17.892 Thread 0x0000015d9c48f450 nmethod 4713 0x0000015d8868de90 code [0x0000015d8868e160, 0x0000015d8868ed98]
Event: 17.892 Thread 0x0000015d9cfa5410 nmethod 4716 0x0000015d8868f510 code [0x0000015d8868f6a0, 0x0000015d8868f7b8]
Event: 17.894 Thread 0x0000015d9cfa46c0 nmethod 4715 0x0000015d8868f810 code [0x0000015d8868fd20, 0x0000015d88691708]

GC Heap History (20 events):
Event: 14.302 GC heap before
{Heap before GC invocations=16 (full 0):
 garbage-first heap   total 532480K, used 374504K [0x0000000684c00000, 0x0000000800000000)
  region size 4096K, 78 young (319488K), 5 survivors (20480K)
 Metaspace       used 35928K, committed 36224K, reserved 1081344K
  class space    used 4661K, committed 4800K, reserved 1048576K
}
Event: 14.313 GC heap after
{Heap after GC invocations=17 (full 0):
 garbage-first heap   total 532480K, used 92174K [0x0000000684c00000, 0x0000000800000000)
  region size 4096K, 8 young (32768K), 8 survivors (32768K)
 Metaspace       used 35928K, committed 36224K, reserved 1081344K
  class space    used 4661K, committed 4800K, reserved 1048576K
}
Event: 14.394 GC heap before
{Heap before GC invocations=17 (full 0):
 garbage-first heap   total 532480K, used 374798K [0x0000000684c00000, 0x0000000800000000)
  region size 4096K, 78 young (319488K), 8 survivors (32768K)
 Metaspace       used 35928K, committed 36224K, reserved 1081344K
  class space    used 4661K, committed 4800K, reserved 1048576K
}
Event: 14.408 GC heap after
{Heap after GC invocations=18 (full 0):
 garbage-first heap   total 532480K, used 103337K [0x0000000684c00000, 0x0000000800000000)
  region size 4096K, 6 young (24576K), 6 survivors (24576K)
 Metaspace       used 35928K, committed 36224K, reserved 1081344K
  class space    used 4661K, committed 4800K, reserved 1048576K
}
Event: 14.501 GC heap before
{Heap before GC invocations=18 (full 0):
 garbage-first heap   total 532480K, used 394153K [0x0000000684c00000, 0x0000000800000000)
  region size 4096K, 78 young (319488K), 6 survivors (24576K)
 Metaspace       used 35928K, committed 36224K, reserved 1081344K
  class space    used 4661K, committed 4800K, reserved 1048576K
}
Event: 14.515 GC heap after
{Heap after GC invocations=19 (full 0):
 garbage-first heap   total 1064960K, used 120559K [0x0000000684c00000, 0x0000000800000000)
  region size 4096K, 7 young (28672K), 7 survivors (28672K)
 Metaspace       used 35928K, committed 36224K, reserved 1081344K
  class space    used 4661K, committed 4800K, reserved 1048576K
}
Event: 14.592 GC heap before
{Heap before GC invocations=19 (full 0):
 garbage-first heap   total 1064960K, used 251631K [0x0000000684c00000, 0x0000000800000000)
  region size 4096K, 41 young (167936K), 7 survivors (28672K)
 Metaspace       used 36106K, committed 36416K, reserved 1081344K
  class space    used 4694K, committed 4864K, reserved 1048576K
}
Event: 14.602 GC heap after
{Heap after GC invocations=20 (full 0):
 garbage-first heap   total 1064960K, used 128605K [0x0000000684c00000, 0x0000000800000000)
  region size 4096K, 9 young (36864K), 9 survivors (36864K)
 Metaspace       used 36106K, committed 36416K, reserved 1081344K
  class space    used 4694K, committed 4864K, reserved 1048576K
}
Event: 15.313 GC heap before
{Heap before GC invocations=21 (full 0):
 garbage-first heap   total 479232K, used 374365K [0x0000000684c00000, 0x0000000800000000)
  region size 4096K, 70 young (286720K), 9 survivors (36864K)
 Metaspace       used 38689K, committed 38976K, reserved 1089536K
  class space    used 4885K, committed 4992K, reserved 1048576K
}
Event: 15.326 GC heap after
{Heap after GC invocations=22 (full 0):
 garbage-first heap   total 479232K, used 143413K [0x0000000684c00000, 0x0000000800000000)
  region size 4096K, 6 young (24576K), 6 survivors (24576K)
 Metaspace       used 38689K, committed 38976K, reserved 1089536K
  class space    used 4885K, committed 4992K, reserved 1048576K
}
Event: 15.603 GC heap before
{Heap before GC invocations=22 (full 0):
 garbage-first heap   total 479232K, used 376885K [0x0000000684c00000, 0x0000000800000000)
  region size 4096K, 64 young (262144K), 6 survivors (24576K)
 Metaspace       used 39362K, committed 39808K, reserved 1089536K
  class space    used 4980K, committed 5184K, reserved 1048576K
}
Event: 15.617 GC heap after
{Heap after GC invocations=23 (full 0):
 garbage-first heap   total 479232K, used 154566K [0x0000000684c00000, 0x0000000800000000)
  region size 4096K, 7 young (28672K), 7 survivors (28672K)
 Metaspace       used 39362K, committed 39808K, reserved 1089536K
  class space    used 4980K, committed 5184K, reserved 1048576K
}
Event: 16.015 GC heap before
{Heap before GC invocations=23 (full 0):
 garbage-first heap   total 479232K, used 379846K [0x0000000684c00000, 0x0000000800000000)
  region size 4096K, 63 young (258048K), 7 survivors (28672K)
 Metaspace       used 39362K, committed 39808K, reserved 1089536K
  class space    used 4980K, committed 5184K, reserved 1048576K
}
Event: 16.031 GC heap after
{Heap after GC invocations=24 (full 0):
 garbage-first heap   total 479232K, used 167382K [0x0000000684c00000, 0x0000000800000000)
  region size 4096K, 7 young (28672K), 7 survivors (28672K)
 Metaspace       used 39362K, committed 39808K, reserved 1089536K
  class space    used 4980K, committed 5184K, reserved 1048576K
}
Event: 16.256 GC heap before
{Heap before GC invocations=24 (full 0):
 garbage-first heap   total 479232K, used 380374K [0x0000000684c00000, 0x0000000800000000)
  region size 4096K, 60 young (245760K), 7 survivors (28672K)
 Metaspace       used 39362K, committed 39808K, reserved 1089536K
  class space    used 4980K, committed 5184K, reserved 1048576K
}
Event: 16.268 GC heap after
{Heap after GC invocations=25 (full 0):
 garbage-first heap   total 761856K, used 176201K [0x0000000684c00000, 0x0000000800000000)
  region size 4096K, 6 young (24576K), 6 survivors (24576K)
 Metaspace       used 39362K, committed 39808K, reserved 1089536K
  class space    used 4980K, committed 5184K, reserved 1048576K
}
Event: 16.706 GC heap before
{Heap before GC invocations=25 (full 0):
 garbage-first heap   total 761856K, used 602185K [0x0000000684c00000, 0x0000000800000000)
  region size 4096K, 111 young (454656K), 6 survivors (24576K)
 Metaspace       used 39362K, committed 39808K, reserved 1089536K
  class space    used 4980K, committed 5184K, reserved 1048576K
}
Event: 16.721 GC heap after
{Heap after GC invocations=26 (full 0):
 garbage-first heap   total 761856K, used 198122K [0x0000000684c00000, 0x0000000800000000)
  region size 4096K, 11 young (45056K), 11 survivors (45056K)
 Metaspace       used 39362K, committed 39808K, reserved 1089536K
  class space    used 4980K, committed 5184K, reserved 1048576K
}
Event: 17.096 GC heap before
{Heap before GC invocations=26 (full 0):
 garbage-first heap   total 761856K, used 603626K [0x0000000684c00000, 0x0000000800000000)
  region size 4096K, 111 young (454656K), 11 survivors (45056K)
 Metaspace       used 39399K, committed 39808K, reserved 1089536K
  class space    used 4983K, committed 5184K, reserved 1048576K
}
Event: 17.117 GC heap after
{Heap after GC invocations=27 (full 0):
 garbage-first heap   total 761856K, used 230644K [0x0000000684c00000, 0x0000000800000000)
  region size 4096K, 14 young (57344K), 14 survivors (57344K)
 Metaspace       used 39399K, committed 39808K, reserved 1089536K
  class space    used 4983K, committed 5184K, reserved 1048576K
}

Deoptimization events (14 events):
Event: 9.358 Thread 0x0000015d84f5dc00 DEOPT PACKING pc=0x0000015d8814c6f9 sp=0x0000000c98efd040
Event: 9.358 Thread 0x0000015d84f5dc00 DEOPT UNPACKING pc=0x0000015d87c36763 sp=0x0000000c98efc520 mode 3
Event: 13.178 Thread 0x0000015d84f5dc00 DEOPT PACKING pc=0x0000015d882c90f9 sp=0x0000000c98efc420
Event: 13.178 Thread 0x0000015d84f5dc00 DEOPT UNPACKING pc=0x0000015d87c36763 sp=0x0000000c98efb900 mode 3
Event: 13.181 Thread 0x0000015d9e0cad30 DEOPT PACKING pc=0x0000015d88302213 sp=0x0000000c9acfe630
Event: 13.181 Thread 0x0000015d9e0cad30 DEOPT UNPACKING pc=0x0000015d87c36763 sp=0x0000000c9acfdb78 mode 3
Event: 13.471 Thread 0x0000015d9e2d0ba0 DEOPT PACKING pc=0x0000015d8814b089 sp=0x0000000c9affeef0
Event: 13.471 Thread 0x0000015d9e2d0ba0 DEOPT UNPACKING pc=0x0000015d87c36763 sp=0x0000000c9affe380 mode 3
Event: 13.471 Thread 0x0000015d9e2d0ba0 DEOPT PACKING pc=0x0000015d8814839f sp=0x0000000c9afff0f0
Event: 13.471 Thread 0x0000015d9e2d0ba0 DEOPT UNPACKING pc=0x0000015d87c36763 sp=0x0000000c9affe548 mode 3
Event: 13.815 Thread 0x0000015d9e2d9840 DEOPT PACKING pc=0x0000015d88488bed sp=0x0000000c9befdcb0
Event: 13.815 Thread 0x0000015d9e2d9840 DEOPT UNPACKING pc=0x0000015d87c36763 sp=0x0000000c9befd1c8 mode 3
Event: 15.220 Thread 0x0000015d9e2d9840 DEOPT PACKING pc=0x0000015d88515b45 sp=0x0000000c9befbf60
Event: 15.220 Thread 0x0000015d9e2d9840 DEOPT UNPACKING pc=0x0000015d87c36763 sp=0x0000000c9befb4c8 mode 3

Classes unloaded (0 events):
No events

Classes redefined (0 events):
No events

Internal exceptions (20 events):
Event: 17.820 Thread 0x0000015d9cd0a7f0 Exception <a 'sun/nio/fs/WindowsException'{0x00000006af390bc8}> (0x00000006af390bc8) 
thrown [s\src\hotspot\share\prims\jni.cpp, line 516]
Event: 17.821 Thread 0x0000015d9cd0a7f0 Exception <a 'sun/nio/fs/WindowsException'{0x00000006af390fb0}> (0x00000006af390fb0) 
thrown [s\src\hotspot\share\prims\jni.cpp, line 516]
Event: 17.821 Thread 0x0000015d9cd0a7f0 Exception <a 'sun/nio/fs/WindowsException'{0x00000006af391a00}> (0x00000006af391a00) 
thrown [s\src\hotspot\share\prims\jni.cpp, line 516]
Event: 17.821 Thread 0x0000015d9cd0a7f0 Exception <a 'sun/nio/fs/WindowsException'{0x00000006af391e20}> (0x00000006af391e20) 
thrown [s\src\hotspot\share\prims\jni.cpp, line 516]
Event: 17.821 Thread 0x0000015d9cd0a7f0 Exception <a 'sun/nio/fs/WindowsException'{0x00000006af392848}> (0x00000006af392848) 
thrown [s\src\hotspot\share\prims\jni.cpp, line 516]
Event: 17.821 Thread 0x0000015d9cd0a7f0 Exception <a 'sun/nio/fs/WindowsException'{0x00000006af392c38}> (0x00000006af392c38) 
thrown [s\src\hotspot\share\prims\jni.cpp, line 516]
Event: 17.821 Thread 0x0000015d9cd0a7f0 Exception <a 'sun/nio/fs/WindowsException'{0x00000006af393638}> (0x00000006af393638) 
thrown [s\src\hotspot\share\prims\jni.cpp, line 516]
Event: 17.821 Thread 0x0000015d9cd0a7f0 Exception <a 'sun/nio/fs/WindowsException'{0x00000006af3939f0}> (0x00000006af3939f0) 
thrown [s\src\hotspot\share\prims\jni.cpp, line 516]
Event: 17.821 Thread 0x0000015d9cd0a7f0 Exception <a 'sun/nio/fs/WindowsException'{0x00000006af3943f8}> (0x00000006af3943f8) 
thrown [s\src\hotspot\share\prims\jni.cpp, line 516]
Event: 17.821 Thread 0x0000015d9cd0a7f0 Exception <a 'sun/nio/fs/WindowsException'{0x00000006af3947c8}> (0x00000006af3947c8) 
thrown [s\src\hotspot\share\prims\jni.cpp, line 516]
Event: 17.821 Thread 0x0000015d9cd0a7f0 Exception <a 'sun/nio/fs/WindowsException'{0x00000006af3951c8}> (0x00000006af3951c8) 
thrown [s\src\hotspot\share\prims\jni.cpp, line 516]
Event: 17.821 Thread 0x0000015d9cd0a7f0 Exception <a 'sun/nio/fs/WindowsException'{0x00000006af395588}> (0x00000006af395588) 
thrown [s\src\hotspot\share\prims\jni.cpp, line 516]
Event: 17.821 Thread 0x0000015d9cd0a7f0 Exception <a 'sun/nio/fs/WindowsException'{0x00000006af395f90}> (0x00000006af395f90) 
thrown [s\src\hotspot\share\prims\jni.cpp, line 516]
Event: 17.821 Thread 0x0000015d9cd0a7f0 Exception <a 'sun/nio/fs/WindowsException'{0x00000006af396360}> (0x00000006af396360) 
thrown [s\src\hotspot\share\prims\jni.cpp, line 516]
Event: 17.821 Thread 0x0000015d9cd0a7f0 Exception <a 'sun/nio/fs/WindowsException'{0x00000006af396d88}> (0x00000006af396d88) 
thrown [s\src\hotspot\share\prims\jni.cpp, line 516]
Event: 17.821 Thread 0x0000015d9cd0a7f0 Exception <a 'sun/nio/fs/WindowsException'{0x00000006af397178}> (0x00000006af397178) 
thrown [s\src\hotspot\share\prims\jni.cpp, line 516]
Event: 17.821 Thread 0x0000015d9cd0a7f0 Exception <a 'sun/nio/fs/WindowsException'{0x00000006af397bb0}> (0x00000006af397bb0) 
thrown [s\src\hotspot\share\prims\jni.cpp, line 516]
Event: 17.821 Thread 0x0000015d9cd0a7f0 Exception <a 'sun/nio/fs/WindowsException'{0x00000006af397fb8}> (0x00000006af397fb8) 
thrown [s\src\hotspot\share\prims\jni.cpp, line 516]
Event: 17.821 Thread 0x0000015d9cd0a7f0 Exception <a 'sun/nio/fs/WindowsException'{0x00000006af3989e8}> (0x00000006af3989e8) 
thrown [s\src\hotspot\share\prims\jni.cpp, line 516]
Event: 17.822 Thread 0x0000015d9cd0a7f0 Exception <a 'sun/nio/fs/WindowsException'{0x00000006af398de8}> (0x00000006af398de8) 
thrown [s\src\hotspot\share\prims\jni.cpp, line 516]

VM Operations (20 events):
Event: 15.384 Executing VM operation: HandshakeAllThreads
Event: 15.384 Executing VM operation: HandshakeAllThreads done
Event: 15.411 Executing VM operation: HandshakeAllThreads
Event: 15.411 Executing VM operation: HandshakeAllThreads done
Event: 15.603 Executing VM operation: G1CollectForAllocation
Event: 15.617 Executing VM operation: G1CollectForAllocation done
Event: 16.015 Executing VM operation: G1CollectForAllocation
Event: 16.031 Executing VM operation: G1CollectForAllocation done
Event: 16.256 Executing VM operation: G1CollectForAllocation
Event: 16.256 Executing VM operation: G1CollectForAllocation done
Event: 16.256 Executing VM operation: G1CollectForAllocation
Event: 16.268 Executing VM operation: G1CollectForAllocation done
Event: 16.706 Executing VM operation: G1CollectForAllocation
Event: 16.721 Executing VM operation: G1CollectForAllocation done
Event: 17.096 Executing VM operation: G1CollectForAllocation
Event: 17.117 Executing VM operation: G1CollectForAllocation done
Event: 17.363 Executing VM operation: HandshakeAllThreads
Event: 17.363 Executing VM operation: HandshakeAllThreads done
Event: 17.882 Executing VM operation: ICBufferFull
Event: 17.888 Executing VM operation: ICBufferFull done

Events (20 events):
Event: 17.819 Thread 0x0000015d9cd08170 Thread added: 0x0000015d9cd08170
Event: 17.820 Thread 0x0000015d9cd0b660 Thread added: 0x0000015d9cd0b660
Event: 17.820 Thread 0x0000015d9cd0c9a0 Thread added: 0x0000015d9cd0c9a0
Event: 17.820 Thread 0x0000015d9cd0b190 Thread added: 0x0000015d9cd0b190
Event: 17.820 Thread 0x0000015d9cd06960 Thread added: 0x0000015d9cd06960
Event: 17.820 Thread 0x0000015d9cd0d810 Thread added: 0x0000015d9cd0d810
Event: 17.892 Thread 0x0000015d9cd07ca0 Thread exited: 0x0000015d9cd07ca0
Event: 17.892 Thread 0x0000015d9cd0b190 Thread exited: 0x0000015d9cd0b190
Event: 17.892 Thread 0x0000015d9cd0c9a0 Thread exited: 0x0000015d9cd0c9a0
Event: 17.892 Thread 0x0000015d9cd0b660 Thread exited: 0x0000015d9cd0b660
Event: 17.892 Thread 0x0000015d9cd09980 Thread exited: 0x0000015d9cd09980
Event: 17.892 Thread 0x0000015d9cd0ce70 Thread exited: 0x0000015d9cd0ce70
Event: 17.892 Thread 0x0000015d9cd0a7f0 Thread exited: 0x0000015d9cd0a7f0
Event: 17.892 Thread 0x0000015d9cd0a320 Thread exited: 0x0000015d9cd0a320
Event: 17.892 Thread 0x0000015d9cd06960 Thread exited: 0x0000015d9cd06960
Event: 17.893 Thread 0x0000015d9cd0d810 Thread exited: 0x0000015d9cd0d810
Event: 17.893 Thread 0x0000015d9cd08170 Thread exited: 0x0000015d9cd08170
Event: 17.893 Thread 0x0000015d9cd0d340 Thread exited: 0x0000015d9cd0d340
Event: 17.893 Thread 0x0000015d9cd077d0 Thread exited: 0x0000015d9cd077d0
Event: 17.893 Thread 0x0000015d9cd09e50 Thread exited: 0x0000015d9cd09e50


Dynamic libraries:
0x00007ff7111f0000 - 0x00007ff7111fe000 	c:\Users\Bui Zung\.vscode\extensions\redhat.java-1.11.0-win32-x64\jre\17.0.4.1-win32-x86_64\bin\java.exe
0x00007ffc14a40000 - 0x00007ffc14c49000 	C:\WINDOWS\SYSTEM32\ntdll.dll
0x00007ffc12c90000 - 0x00007ffc12d4d000 	C:\WINDOWS\System32\KERNEL32.DLL
0x00007ffc12280000 - 0x00007ffc125fc000 	C:\WINDOWS\System32\KERNELBASE.dll
0x00007ffc0b480000 - 0x00007ffc0b511000 	C:\WINDOWS\SYSTEM32\apphelp.dll
0x00007ffc120e0000 - 0x00007ffc121f1000 	C:\WINDOWS\System32\ucrtbase.dll
0x00007ffbcb6c0000 - 0x00007ffbcb6d8000 	c:\Users\Bui Zung\.vscode\extensions\redhat.java-1.11.0-win32-x64\jre\17.0.4.1-win32-x86_64\bin\jli.dll
0x00007ffbcd6c0000 - 0x00007ffbcd6d9000 	c:\Users\Bui Zung\.vscode\extensions\redhat.java-1.11.0-win32-x64\jre\17.0.4.1-win32-x86_64\bin\VCRUNTIME140.dll
0x00007ffc12d50000 - 0x00007ffc12efd000 	C:\WINDOWS\System32\USER32.dll
0x00007ffc12600000 - 0x00007ffc12626000 	C:\WINDOWS\System32\win32u.dll
0x00007ffc149d0000 - 0x00007ffc149f9000 	C:\WINDOWS\System32\GDI32.dll
0x00007ffbfa440000 - 0x00007ffbfa6e5000 	C:\WINDOWS\WinSxS\amd64_microsoft.windows.common-controls_6595b64144ccf1df_6.0.22000.120_none_9d947278b86cc467\COMCTL32.dll
0x00007ffc11fc0000 - 0x00007ffc120d9000 	C:\WINDOWS\System32\gdi32full.dll
0x00007ffc12940000 - 0x00007ffc129e3000 	C:\WINDOWS\System32\msvcrt.dll
0x00007ffc11f20000 - 0x00007ffc11fbd000 	C:\WINDOWS\System32\msvcp_win.dll
0x00007ffc13780000 - 0x00007ffc137b1000 	C:\WINDOWS\System32\IMM32.DLL
0x00007ffbee780000 - 0x00007ffbee78c000 	c:\Users\Bui Zung\.vscode\extensions\redhat.java-1.11.0-win32-x64\jre\17.0.4.1-win32-x86_64\bin\vcruntime140_1.dll
0x00007ffb73870000 - 0x00007ffb73901000 	c:\Users\Bui Zung\.vscode\extensions\redhat.java-1.11.0-win32-x64\jre\17.0.4.1-win32-x86_64\bin\msvcp140.dll
0x00007ffb30be0000 - 0x00007ffb31826000 	c:\Users\Bui Zung\.vscode\extensions\redhat.java-1.11.0-win32-x64\jre\17.0.4.1-win32-x86_64\bin\server\jvm.dll
0x00007ffc12f80000 - 0x00007ffc1302e000 	C:\WINDOWS\System32\ADVAPI32.dll
0x00007ffc12bf0000 - 0x00007ffc12c8e000 	C:\WINDOWS\System32\sechost.dll
0x00007ffc131f0000 - 0x00007ffc13310000 	C:\WINDOWS\System32\RPCRT4.dll
0x00007ffc12930000 - 0x00007ffc12938000 	C:\WINDOWS\System32\PSAPI.DLL
0x00007ffbf2cf0000 - 0x00007ffbf2cf9000 	C:\WINDOWS\SYSTEM32\WSOCK32.dll
0x00007ffc12b80000 - 0x00007ffc12bef000 	C:\WINDOWS\System32\WS2_32.dll
0x00007ffc00940000 - 0x00007ffc00973000 	C:\WINDOWS\SYSTEM32\WINMM.dll
0x00007ffc082e0000 - 0x00007ffc082ea000 	C:\WINDOWS\SYSTEM32\VERSION.dll
0x00007ffc110d0000 - 0x00007ffc110e8000 	C:\WINDOWS\SYSTEM32\kernel.appcore.dll
0x00007ffbdb070000 - 0x00007ffbdb07a000 	c:\Users\Bui Zung\.vscode\extensions\redhat.java-1.11.0-win32-x64\jre\17.0.4.1-win32-x86_64\bin\jimage.dll
0x00007ffc0f2e0000 - 0x00007ffc0f501000 	C:\WINDOWS\SYSTEM32\DBGHELP.DLL
0x00007ffbffac0000 - 0x00007ffbffaf1000 	C:\WINDOWS\SYSTEM32\dbgcore.DLL
0x00007ffc12200000 - 0x00007ffc1227f000 	C:\WINDOWS\System32\bcryptPrimitives.dll
0x00007ffbc1de0000 - 0x00007ffbc1e05000 	c:\Users\Bui Zung\.vscode\extensions\redhat.java-1.11.0-win32-x64\jre\17.0.4.1-win32-x86_64\bin\java.dll
0x00007ffbc81c0000 - 0x00007ffbc81d8000 	c:\Users\Bui Zung\.vscode\extensions\redhat.java-1.11.0-win32-x64\jre\17.0.4.1-win32-x86_64\bin\zip.dll
0x00007ffc13e40000 - 0x00007ffc145f8000 	C:\WINDOWS\System32\SHELL32.dll
0x00007ffc10050000 - 0x00007ffc108b8000 	C:\WINDOWS\SYSTEM32\windows.storage.dll
0x00007ffc137e0000 - 0x00007ffc13b59000 	C:\WINDOWS\System32\combase.dll
0x00007ffc0fee0000 - 0x00007ffc10046000 	C:\WINDOWS\SYSTEM32\wintypes.dll
0x00007ffc129f0000 - 0x00007ffc12ada000 	C:\WINDOWS\System32\SHCORE.dll
0x00007ffc13b60000 - 0x00007ffc13bbd000 	C:\WINDOWS\System32\shlwapi.dll
0x00007ffc11e50000 - 0x00007ffc11e71000 	C:\WINDOWS\SYSTEM32\profapi.dll
0x00007ffbc14a0000 - 0x00007ffbc14b9000 	C:\Users\Bui Zung\.vscode\extensions\redhat.java-1.11.0-win32-x64\jre\17.0.4.1-win32-x86_64\bin\net.dll
0x00007ffc09dd0000 - 0x00007ffc09edc000 	C:\WINDOWS\SYSTEM32\WINHTTP.dll
0x00007ffc11510000 - 0x00007ffc11577000 	C:\WINDOWS\system32\mswsock.dll
0x00007ffbc13b0000 - 0x00007ffbc13c5000 	C:\Users\Bui Zung\.vscode\extensions\redhat.java-1.11.0-win32-x64\jre\17.0.4.1-win32-x86_64\bin\nio.dll
0x00007ffbd7940000 - 0x00007ffbd7950000 	c:\Users\Bui Zung\.vscode\extensions\redhat.java-1.11.0-win32-x64\jre\17.0.4.1-win32-x86_64\bin\verify.dll
0x00007ffbd16e0000 - 0x00007ffbd16e9000 	C:\Users\Bui Zung\.vscode\extensions\redhat.java-1.11.0-win32-x64\jre\17.0.4.1-win32-x86_64\bin\management.dll
0x00007ffbd0c90000 - 0x00007ffbd0c9b000 	C:\Users\Bui Zung\.vscode\extensions\redhat.java-1.11.0-win32-x64\jre\17.0.4.1-win32-x86_64\bin\management_ext.dll
0x00007ffbce3b0000 - 0x00007ffbce3c7000 	C:\WINDOWS\system32\napinsp.dll
0x00007ffbce390000 - 0x00007ffbce3ab000 	C:\WINDOWS\system32\pnrpnsp.dll
0x00007ffc10ba0000 - 0x00007ffc10c88000 	C:\WINDOWS\SYSTEM32\DNSAPI.dll
0x00007ffc10b70000 - 0x00007ffc10b9d000 	C:\WINDOWS\SYSTEM32\IPHLPAPI.DLL
0x00007ffc13130000 - 0x00007ffc13139000 	C:\WINDOWS\System32\NSI.dll
0x00007ffbccf70000 - 0x00007ffbccf82000 	C:\WINDOWS\System32\winrnr.dll
0x00007ffbcb040000 - 0x00007ffbcb055000 	C:\WINDOWS\system32\wshbth.dll
0x00007ffbcb020000 - 0x00007ffbcb03f000 	C:\WINDOWS\system32\nlansp_c.dll
0x0000000063560000 - 0x0000000063569000 	C:\Program Files\National Instruments\Shared\mDNS Responder\nimdnsNSP.dll
0x0000000063550000 - 0x000000006355e000 	C:\WINDOWS\SYSTEM32\nimdnsResponder.dll
0x0000000076d40000 - 0x0000000076de3000 	C:\WINDOWS\WinSxS\amd64_microsoft.vc90.crt_1fc8b3b9a1e18e3b_9.0.30729.9635_none_08e2c157a83ed5da\MSVCR90.dll
0x0000000076d10000 - 0x0000000076d36000 	C:\Program Files\Bonjour\mdnsNSP.dll
0x00007ffc08380000 - 0x00007ffc0838a000 	C:\Windows\System32\rasadhlp.dll
0x00007ffc08510000 - 0x00007ffc08591000 	C:\WINDOWS\System32\fwpuclnt.dll
0x00007ffc11770000 - 0x00007ffc11788000 	C:\WINDOWS\SYSTEM32\CRYPTSP.dll
0x00007ffc11030000 - 0x00007ffc11065000 	C:\WINDOWS\system32\rsaenh.dll
0x00007ffc11620000 - 0x00007ffc11649000 	C:\WINDOWS\SYSTEM32\USERENV.dll
0x00007ffc11900000 - 0x00007ffc11927000 	C:\WINDOWS\SYSTEM32\bcrypt.dll
0x00007ffc11790000 - 0x00007ffc1179c000 	C:\WINDOWS\SYSTEM32\CRYPTBASE.dll
0x00007ffc09db0000 - 0x00007ffc09dc9000 	C:\WINDOWS\SYSTEM32\dhcpcsvc6.DLL
0x00007ffc0a060000 - 0x00007ffc0a07e000 	C:\WINDOWS\SYSTEM32\dhcpcsvc.DLL

dbghelp: loaded successfully - version: 4.0.5 - missing functions: none
symbol engine: initialized successfully - sym options: 0x614 - pdb path: .;c:\Users\Bui Zung\.vscode\extensions\redhat.java-1.11.0-win32-x64\jre\17.0.4.1-win32-x86_64\bin;C:\WINDOWS\SYSTEM32;C:\WINDOWS\WinSxS\amd64_microsoft.windows.common-controls_6595b64144ccf1df_6.0.22000.120_none_9d947278b86cc467;c:\Users\Bui Zung\.vscode\extensions\redhat.java-1.11.0-win32-x64\jre\17.0.4.1-win32-x86_64\bin\server;C:\Program Files\National Instruments\Shared\mDNS Responder;C:\WINDOWS\WinSxS\amd64_microsoft.vc90.crt_1fc8b3b9a1e18e3b_9.0.30729.9635_none_08e2c157a83ed5da;C:\Program Files\Bonjour

VM Arguments:
jvm_args: -Dsts.lsp.client=vscode -Dsts.log.file=/dev/null -XX:TieredStopAtLevel=1 -Xlog:jni+resolve=off -Dspring.config.location=file:c:\Users\Bui Zung\.vscode\extensions\pivotal.vscode-spring-boot-1.39.0\language-server\BOOT-INF\classes\application.properties 
java_command: org.springframework.ide.vscode.boot.app.BootLanguageServerBootApp
java_class_path (initial): c:\Users\Bui Zung\.vscode\extensions\pivotal.vscode-spring-boot-1.39.0\language-server\BOOT-INF\classes;c:\Users\Bui Zung\.vscode\extensions\pivotal.vscode-spring-boot-1.39.0\language-server\BOOT-INF\lib\annotations-23.0.0.jar;c:\Users\Bui Zung\.vscode\extensions\pivotal.vscode-spring-boot-1.39.0\language-server\BOOT-INF\lib\antlr-runtime-3.5.2.jar;c:\Users\Bui Zung\.vscode\extensions\pivotal.vscode-spring-boot-1.39.0\language-server\BOOT-INF\lib\antlr4-4.9.3.jar;c:\Users\Bui Zung\.vscode\extensions\pivotal.vscode-spring-boot-1.39.0\language-server\BOOT-INF\lib\antlr4-runtime-4.9.3.jar;c:\Users\Bui Zung\.vscode\extensions\pivotal.vscode-spring-boot-1.39.0\language-server\BOOT-INF\lib\asm-9.3.jar;c:\Users\Bui Zung\.vscode\extensions\pivotal.vscode-spring-boot-1.39.0\language-server\BOOT-INF\lib\asm-analysis-9.3.jar;c:\Users\Bui Zung\.vscode\extensions\pivotal.vscode-spring-boot-1.39.0\language-server\BOOT-INF\lib\asm-tree-9.3.jar;c:\Users\Bui Zung\.vscode\extensions\pivotal.vscode-spring-boot-1.39.0\language-server\BOOT-INF\lib\asm-util-9.3.jar;c:\Users\Bui Zung\.vscode\extensions\pivotal.vscode-spring-boot-1.39.0\language-server\BOOT-INF\lib\byte-buddy-1.12.13.jar;c:\Users\Bui Zung\.vscode\extensions\pivotal.vscode-spring-boot-1.39.0\language-server\BOOT-INF\lib\caffeine-2.9.3.jar;c:\Users\Bui Zung\.vscode\extensions\pivotal.vscode-spring-boot-1.39.0\language-server\BOOT-INF\lib\checker-qual-3.12.0.jar;c:\Users\Bui Zung\.vscode\extensions\pivotal.vscode-spring-boot-1.39.0\language-server\BOOT-INF\lib\classgraph-4.8.149.jar;c:\Users\Bui Zung\.vscode\extensions\pivotal.vscode-spring-boot-1.39.0\language-server\BOOT-INF\lib\commons-codec-1.15.jar;c:\Users\Bui Zung\.vscode\extensions\pivotal.vscode-spring-boot-1.39.0\language-server\BOOT-INF\lib\commons-compress-1.21.jar;c:\Users\Bui Zung\.vscode\extensions\pivotal.vscode-spring-boot-1.39.0\language-server\BOOT-INF\lib\commons-exec-1.3.jar;c:\Users\Bui Zung\.vscode\extensions\pivotal.vscode-
Launcher Type: SUN_STANDARD

[Global flags]
     intx CICompilerCount                          = 4                                         {product} {ergonomic}
     uint ConcGCThreads                            = 2                                         {product} {ergonomic}
     uint G1ConcRefinementThreads                  = 8                                         {product} {ergonomic}
   size_t G1HeapRegionSize                         = 4194304                                   {product} {ergonomic}
    uintx GCDrainStackTargetSize                   = 64                                        {product} {ergonomic}
   size_t InitialHeapSize                          = 398458880                                 {product} {ergonomic}
   size_t MarkStackSize                            = 4194304                                   {product} {ergonomic}
   size_t MaxHeapSize                              = 6362759168                                {product} {ergonomic}
   size_t MaxNewSize                               = 3816816640                                {product} {ergonomic}
   size_t MinHeapDeltaBytes                        = 4194304                                   {product} {ergonomic}
   size_t MinHeapSize                              = 8388608                                   {product} {ergonomic}
    uintx NonProfiledCodeHeapSize                  = 0                                      {pd product} {ergonomic}
     bool ProfileInterpreter                       = false                                  {pd product} {command line}
    uintx ProfiledCodeHeapSize                     = 0                                      {pd product} {ergonomic}
   size_t SoftMaxHeapSize                          = 6362759168                             {manageable} {ergonomic}
     intx TieredStopAtLevel                        = 1                                         {product} {command line}
     bool UseCompressedClassPointers               = true                           {product lp64_product} {ergonomic}
     bool UseCompressedOops                        = true                           {product lp64_product} {ergonomic}
     bool UseG1GC                                  = true                                      {product} {ergonomic}
     bool UseLargePagesIndividualAllocation        = false                                  {pd product} {ergonomic}

Logging:
Log output configuration:
 #0: stdout all=warning,jni+resolve=off uptime,level,tags
 #1: stderr all=off uptime,level,tags

Environment Variables:
PATH=C:\Program Files\Common Files\Oracle\Java\javapath;C:\Python310\;C:\WINDOWS\system32;C:\WINDOWS;C:\WINDOWS\System32\Wbem;C:\WINDOWS\System32\WindowsPowerShell\v1.0\;C:\WINDOWS\System32\OpenSSH\;C:\Program Files (x86)\NVIDIA Corporation\PhysX\Common;C:\Program Files\NVIDIA Corporation\NVIDIA NvDLISR;C:\Program Files\Microsoft SQL Server\150\Tools\Binn\;C:\Program Files\Microsoft SQL Server\Client SDK\ODBC\170\Tools\Binn\;C:\Program Files\dotnet\;C:\Program Files\Git\cmd;C:\Program Files\nodejs\;C:\ProgramData\chocolatey\bin;C:\Program Files\Polyspace\R2019a\runtime\win64;C:\Program Files\Polyspace\R2019a\bin;C:\Program Files\Polyspace\R2019a\polyspace\bin;C:\Program Files (x86)\Microsoft SQL Server\150\Tools\Binn\;C:\Program Files\Microsoft SQL Server\150\DTS\Binn\;C:\Program Files (x86)\Microsoft SQL Server\150\DTS\Binn\;C:\Program Files\Azure Data Studio\bin;C:\WINDOWS\system32;C:\WINDOWS;C:\WINDOWS\System32\Wbem;C:\WINDOWS\System32\WindowsPowerShell\v1.0\;C:\WINDOWS\System32\OpenSSH\;C:\xampp\php;C:\ProgramData\ComposerSetup\bin;C:\Program Files\Amazon\AWSCLIV2\;;C:\Program Files\Docker\Docker\resources\bin;C:\ProgramData\DockerDesktop\version-bin;C:\Users\Bui Zung\AppData\Local\Microsoft\WindowsApps;C:\Users\Bui Zung\AppData\Local\Programs\Microsoft VS Code\bin;C:\Users\Bui Zung\AppData\Local\GitHubDesktop\bin;C:\Users\Bui Zung\AppData\Roaming\npm;C:\Program Files\Azure Data Studio\bin;C:\Users\Bui Zung\AppData\Roaming\Composer\vendor\bin;
USERNAME=Bui Zung
OS=Windows_NT
PROCESSOR_IDENTIFIER=Intel64 Family 6 Model 140 Stepping 1, GenuineIntel
TMP=C:\Users\BUIZUN~1\AppData\Local\Temp
TEMP=C:\Users\BUIZUN~1\AppData\Local\Temp



---------------  S Y S T E M  ---------------

OS:
 Windows 11 , 64 bit Build 22000 (10.0.22000.708)
OS uptime: 0 days 3:49 hours
Hyper-V role detected

CPU: total 8 (initial active 8) (4 cores per cpu, 2 threads per core) family 6 model 140 stepping 1 microcode 0x86, cx8, cmov, fxsr, ht, mmx, 3dnowpref, sse, sse2, sse3, ssse3, sse4.1, sse4.2, popcnt, lzcnt, tsc, tscinvbit, avx, avx2, aes, erms, clmul, bmi1, bmi2, adx, avx512f, avx512dq, avx512cd, avx512bw, avx512vl, sha, fma, vzeroupper, avx512_vpopcntdq, avx512_vpclmulqdq, avx512_vaes, avx512_vnni, clflush, clflushopt, clwb, avx512_vbmi2, avx512_vbmi, hv

Memory: 4k page, system-wide physical 24267M (5990M free)
TotalPageFile size 26315M (AvailPageFile size 26M)
current process WorkingSet (physical memory assigned to process): 907M, peak: 907M
current process commit charge ("private bytes"): 917M, peak: 1217M

vm_info: OpenJDK 64-Bit Server VM (17.0.4.1+1) for windows-amd64 JRE (17.0.4.1+1), built on Aug 17 2022 07:42:43 by "temurin" with MS VC++ 16.7 (VS2019)

END.
